2025-04-22 15:14:36,081 - Running seqnmf with K=28, L=25, Lambda=0.0005
2025-04-22 15:14:54,350 - Running seqnmf with K=1, L=25, Lambda=0.0005
2025-04-22 15:15:24,368 - Running seqnmf with K=1, L=25, Lambda=0.0005
2025-04-22 15:15:51,770 - Running seqnmf with K=1, L=25, Lambda=0.0005
2025-04-22 15:15:54,566 - Running seqnmf with K=1, L=25, Lambda=0.0005
2025-04-22 15:16:33,589 - Runtime was 39.02289009094238 seconds
2025-04-22 15:16:33,594 - Cost: [[2.10938609]
 [0.97881769]
 [0.95877872]
 [0.94392676]
 [0.9310593 ]
 [0.91918853]
 [0.90786581]
 [0.89685699]
 [0.88604154]
 [0.8753704 ]
 [0.86484303]
 [0.85449145]
 [0.84436727]
 [0.83453039]
 [0.82503957]
 [0.81594524]
 [0.80728492]
 [0.7990811 ]
 [0.79134137]
 [0.78406018]
 [0.77722148]
 [0.77080166]
 [0.7647724 ]
 [0.75942074]
 [0.75358031]
 [0.74815071]
 [0.74306955]
 [0.73829399]
 [0.73378846]
 [0.72952277]
 [0.7254712 ]
 [0.72161194]
 [0.7179265 ]
 [0.71439929]
 [0.71101714]
 [0.707769  ]
 [0.70464553]
 [0.70163887]
 [0.69874234]
 [0.69595027]
 [0.69325775]
 [0.69066055]
 [0.6881549 ]
 [0.68573745]
 [0.68340515]
 [0.68115517]
 [0.67898484]
 [0.67689162]
 [0.67487306]
 [0.67292677]
 [0.67105039]
 [0.6692416 ]
 [0.6674981 ]
 [0.66581761]
 [0.66419788]
 [0.66263668]
 [0.6611318 ]
 [0.65968106]
 [0.65828232]
 [0.65693348]
 [0.6556325 ]
 [0.65437735]
 [0.6531661 ]
 [0.65199685]
 [0.65086776]
 [0.64977706]
 [0.64872305]
 [0.64770408]
 [0.64671856]
 [0.64576499]
 [0.64484192]
 [0.64394795]
 [0.64308177]
 [0.64224211]
 [0.64142777]
 [0.64063761]
 [0.63987053]
 [0.63912551]
 [0.63840156]
 [0.63769775]
 [0.63701319]
 [0.63634704]
 [0.63569852]
 [0.63506687]
 [0.63445137]
 [0.63385134]
 [0.63326616]
 [0.6326952 ]
 [0.6321379 ]
 [0.63159372]
 [0.63106213]
 [0.63054265]
 [0.63003482]
 [0.6295382 ]
 [0.62905237]
 [0.62857695]
 [0.62811155]
 [0.62765583]
 [0.62720945]
 [0.6267721 ]
 [0.62634346]]
2025-04-22 15:16:33,594 - Loadings: [0.95898639]
2025-04-22 15:16:33,594 - Power: 0.9590391089781567
